mode: set
github.com/Baumanar/log-monitor/display/displayer.go:41.143,44.16 2 0
github.com/Baumanar/log-monitor/display/displayer.go:47.2,48.16 2 0
github.com/Baumanar/log-monitor/display/displayer.go:51.2,52.16 2 0
github.com/Baumanar/log-monitor/display/displayer.go:55.2,56.16 2 0
github.com/Baumanar/log-monitor/display/displayer.go:60.2,70.18 2 0
github.com/Baumanar/log-monitor/display/displayer.go:44.16,46.3 1 0
github.com/Baumanar/log-monitor/display/displayer.go:48.16,50.3 1 0
github.com/Baumanar/log-monitor/display/displayer.go:52.16,54.3 1 0
github.com/Baumanar/log-monitor/display/displayer.go:56.16,58.3 1 0
github.com/Baumanar/log-monitor/display/displayer.go:74.57,76.25 1 0
github.com/Baumanar/log-monitor/display/displayer.go:76.25,78.21 1 0
github.com/Baumanar/log-monitor/display/displayer.go:78.21,80.4 1 0
github.com/Baumanar/log-monitor/display/displayer.go:80.9,83.4 1 0
github.com/Baumanar/log-monitor/display/displayer.go:91.59,106.2 10 0
github.com/Baumanar/log-monitor/display/displayer.go:109.42,117.2 5 1
github.com/Baumanar/log-monitor/display/displayer.go:120.47,123.6 3 0
github.com/Baumanar/log-monitor/display/displayer.go:123.6,124.10 1 0
github.com/Baumanar/log-monitor/display/displayer.go:126.19,128.99 2 0
github.com/Baumanar/log-monitor/display/displayer.go:130.33,131.10 1 0
github.com/Baumanar/log-monitor/display/displayer.go:142.35,143.10 1 0
github.com/Baumanar/log-monitor/display/displayer.go:155.21,156.10 1 0
github.com/Baumanar/log-monitor/display/displayer.go:131.10,138.5 3 0
github.com/Baumanar/log-monitor/display/displayer.go:138.10,140.5 1 0
github.com/Baumanar/log-monitor/display/displayer.go:143.10,144.20 1 0
github.com/Baumanar/log-monitor/display/displayer.go:144.20,148.6 1 0
github.com/Baumanar/log-monitor/display/displayer.go:148.11,151.6 1 0
github.com/Baumanar/log-monitor/display/displayer.go:152.10,154.5 1 0
github.com/Baumanar/log-monitor/display/displayer.go:162.25,167.43 2 0
github.com/Baumanar/log-monitor/display/displayer.go:173.2,174.16 2 0
github.com/Baumanar/log-monitor/display/displayer.go:179.2,212.16 3 0
github.com/Baumanar/log-monitor/display/displayer.go:217.2,217.75 1 0
github.com/Baumanar/log-monitor/display/displayer.go:167.43,168.35 1 0
github.com/Baumanar/log-monitor/display/displayer.go:168.35,170.4 1 0
github.com/Baumanar/log-monitor/display/displayer.go:174.16,176.3 1 0
github.com/Baumanar/log-monitor/display/displayer.go:212.16,214.3 1 0
github.com/Baumanar/log-monitor/monitoring/log_generator.go:20.24,22.2 1 1
github.com/Baumanar/log-monitor/monitoring/log_generator.go:25.29,27.2 1 1
github.com/Baumanar/log-monitor/monitoring/log_generator.go:30.26,32.2 1 1
github.com/Baumanar/log-monitor/monitoring/log_generator.go:35.28,37.2 1 1
github.com/Baumanar/log-monitor/monitoring/log_generator.go:40.30,42.2 1 1
github.com/Baumanar/log-monitor/monitoring/log_generator.go:45.27,47.2 1 1
github.com/Baumanar/log-monitor/monitoring/log_generator.go:50.27,52.2 1 1
github.com/Baumanar/log-monitor/monitoring/log_generator.go:55.35,58.16 2 1
github.com/Baumanar/log-monitor/monitoring/log_generator.go:61.2,63.55 2 1
github.com/Baumanar/log-monitor/monitoring/log_generator.go:58.16,60.3 1 0
github.com/Baumanar/log-monitor/monitoring/log_generator.go:63.55,65.3 1 0
github.com/Baumanar/log-monitor/monitoring/log_generator.go:70.79,81.6 4 1
github.com/Baumanar/log-monitor/monitoring/log_generator.go:81.6,82.10 1 1
github.com/Baumanar/log-monitor/monitoring/log_generator.go:83.19,90.19 5 1
github.com/Baumanar/log-monitor/monitoring/log_generator.go:93.4,93.18 1 1
github.com/Baumanar/log-monitor/monitoring/log_generator.go:96.4,96.19 1 1
github.com/Baumanar/log-monitor/monitoring/log_generator.go:97.21,98.10 1 1
github.com/Baumanar/log-monitor/monitoring/log_generator.go:90.19,92.5 1 0
github.com/Baumanar/log-monitor/monitoring/log_generator.go:93.18,95.5 1 1
github.com/Baumanar/log-monitor/monitoring/monitor.go:46.191,63.2 3 1
github.com/Baumanar/log-monitor/monitoring/monitor.go:67.32,73.16 4 1
github.com/Baumanar/log-monitor/monitoring/monitor.go:78.2,80.6 3 1
github.com/Baumanar/log-monitor/monitoring/monitor.go:73.16,75.3 1 0
github.com/Baumanar/log-monitor/monitoring/monitor.go:80.6,81.10 1 1
github.com/Baumanar/log-monitor/monitoring/monitor.go:82.23,83.10 1 1
github.com/Baumanar/log-monitor/monitoring/monitor.go:84.11,88.21 2 1
github.com/Baumanar/log-monitor/monitoring/monitor.go:88.21,90.5 1 1
github.com/Baumanar/log-monitor/monitoring/monitor.go:90.10,90.28 1 1
github.com/Baumanar/log-monitor/monitoring/monitor.go:90.28,97.19 3 1
github.com/Baumanar/log-monitor/monitoring/monitor.go:100.5,100.21 1 1
github.com/Baumanar/log-monitor/monitoring/monitor.go:97.19,99.6 1 1
github.com/Baumanar/log-monitor/monitoring/monitor.go:101.10,103.5 1 0
github.com/Baumanar/log-monitor/monitoring/monitor.go:109.30,112.35 2 1
github.com/Baumanar/log-monitor/monitoring/monitor.go:117.2,117.57 1 1
github.com/Baumanar/log-monitor/monitoring/monitor.go:112.35,114.3 1 1
github.com/Baumanar/log-monitor/monitoring/monitor.go:117.57,126.3 3 1
github.com/Baumanar/log-monitor/monitoring/monitor.go:126.8,126.63 1 1
github.com/Baumanar/log-monitor/monitoring/monitor.go:126.63,132.3 2 1
github.com/Baumanar/log-monitor/monitoring/monitor.go:136.31,147.2 5 1
github.com/Baumanar/log-monitor/monitoring/monitor.go:150.28,155.6 3 1
github.com/Baumanar/log-monitor/monitoring/monitor.go:155.6,156.10 1 1
github.com/Baumanar/log-monitor/monitoring/monitor.go:157.19,161.63 2 1
github.com/Baumanar/log-monitor/monitoring/monitor.go:164.4,165.14 2 1
github.com/Baumanar/log-monitor/monitoring/monitor.go:166.23,167.10 1 1
github.com/Baumanar/log-monitor/monitoring/monitor.go:161.63,163.5 1 1
github.com/Baumanar/log-monitor/monitoring/parser.go:36.53,41.24 2 1
github.com/Baumanar/log-monitor/monitoring/parser.go:45.2,46.16 2 1
github.com/Baumanar/log-monitor/monitoring/parser.go:49.2,59.8 1 1
github.com/Baumanar/log-monitor/monitoring/parser.go:41.24,43.3 1 1
github.com/Baumanar/log-monitor/monitoring/parser.go:46.16,48.3 1 0
github.com/Baumanar/log-monitor/monitoring/stats.go:40.54,51.30 6 1
github.com/Baumanar/log-monitor/monitoring/stats.go:57.2,63.3 1 1
github.com/Baumanar/log-monitor/monitoring/stats.go:51.30,56.3 4 1
github.com/Baumanar/log-monitor/monitoring/stats.go:67.24,68.11 1 1
github.com/Baumanar/log-monitor/monitoring/stats.go:71.2,71.10 1 1
github.com/Baumanar/log-monitor/monitoring/stats.go:68.11,70.3 1 1
github.com/Baumanar/log-monitor/monitoring/stats.go:75.42,76.22 1 1
github.com/Baumanar/log-monitor/monitoring/stats.go:79.2,79.15 1 1
github.com/Baumanar/log-monitor/monitoring/stats.go:76.22,78.3 1 1
github.com/Baumanar/log-monitor/monitoring/stats.go:83.36,85.14 2 1
github.com/Baumanar/log-monitor/monitoring/stats.go:88.2,89.42 2 1
github.com/Baumanar/log-monitor/monitoring/stats.go:93.2,94.42 1 1
github.com/Baumanar/log-monitor/monitoring/stats.go:85.14,87.3 1 1
github.com/Baumanar/log-monitor/monitoring/stats.go:89.42,92.3 2 1
github.com/Baumanar/log-monitor/monitoring/stats.go:101.53,104.29 2 1
github.com/Baumanar/log-monitor/monitoring/stats.go:108.2,108.40 1 1
github.com/Baumanar/log-monitor/monitoring/stats.go:113.2,113.35 1 1
github.com/Baumanar/log-monitor/monitoring/stats.go:104.29,106.3 1 1
github.com/Baumanar/log-monitor/monitoring/stats.go:108.40,110.3 1 1
